2017-01-19T10:51:27 - Remove unused code
2017-01-19T18:01:35 - Initial setup
2017-01-19T15:10:33 - Refactor code structure
2017-01-19T12:10:52 - Remove unused code
2017-01-19T13:51:46 - Refactor code structure
2017-01-19T10:49:57 - Refactor code structure
2017-01-19T11:02:23 - Add tests
2017-01-17T10:55:52 - Minor cleanup
2017-01-17T14:17:59 - Fix bug in logic
2017-01-17T18:24:01 - Improve performance
2017-01-17T18:39:27 - Minor cleanup
2017-01-25T16:22:32 - Update documentation
2017-01-25T18:02:59 - Minor cleanup
2017-01-25T18:36:30 - Add new feature
2017-01-25T11:54:42 - Fix bug in logic
2017-01-25T13:07:20 - Update documentation
2017-01-27T17:33:15 - Fix bug in logic
2017-01-27T14:41:55 - Add new feature
2017-01-27T12:14:20 - Initial setup
2017-01-24T17:06:26 - Initial setup
2017-01-24T15:07:23 - Refactor code structure
2017-01-26T10:06:32 - Improve performance
2017-01-26T13:51:14 - Update documentation
2017-01-26T09:34:40 - Fix bug in logic
2017-01-26T10:15:14 - Minor cleanup
2017-02-01T17:58:49 - Minor cleanup
2017-02-01T13:27:12 - Refactor code structure
2017-02-01T13:43:49 - Add tests
2017-01-30T16:43:04 - Update documentation
